




47.244.112.175

1BdhxJUVjP8VRe8fyewCGx3hPoJ8Yh1TAa


1LibtAH6ydoHCkVyGPG2UByJjV8i4NqXuz
1EFAkb3J5pvu8JobeEm88ysqdqhALHThBY
1Dxjut12ZsgPJepULmDCtjmQnXEhgumneC
1BoETMmWZjHGrXib9b8mqcDU95bULTdMMR
1KNa3MQyXLUtdiFpKcQvW746GgGkwU2mFd

12adrapFP7LHPfNiU2ZEMPQyVapVDzjjM2
1FdgBZAtFLYdDyqVh3qn1rxJNEqCmCN1Bh
1CZsnsUa5f9MrHKiGyrW7U9rAZ1z4VTKyk
1PY3AUHmyQaye2VNEU9dnixZsVtfvXsZWp
1BQEBevh6twd8L7DxWMeY8dWxYdGeLmPeY

n1MqMKXY8EMZNFNxv39rmaCRUKgPaVDRzp
n2X1W8vujuCJGwVHdXV5E3ahWVgP2uF8gJ
mgU33pds1UGDYT26fuX6pwzfgjtrdrD4hr
n45oGLq28UBfLdVVgNfpnWAHEjAq2mwdTX
n3q2JtHcqcnWgdcrSpDP2hKues4JVw2nGY
mrFMynb4N7gvX2My3bDMNJouznZsRQeQaE
n3oSF5gXrfuPbreungT2kn5cZ3qo1GwsDj
myosNfda7Va9XSDHgyUahRY31yeR1hTnHP
n2gwumRLqHYV8sfrqNE1HPrSf2KT6fggCz
mu3RWA5tTiCroqibcH2ou73H3FpNRAgF7q
miAo9aE9ntWz7dX4hEqpgSnLjYExNzbzHH
n4eQr4UDfYzzWxXVJJwW1gW11wmmuxmhoe
mz6jdF1qMtK8DcZ2mUa8DThwuWw3pDp9kN
n3YVsR1JS1AakqhaVNNfpoAqUaDcXNEQfd
mfbHzZqodaVzAWLcmTvbHjDCNWg37hiH93
mi89zy8t34Sb8B1Kzpq55cTua2f6mi2A35
myuARgvg7CauF9ViVYJHQLhZLFrmwSeEj5
mg2xuAarLTPfHx1ENbxNPkDxGK3hnGxS4k
mhd9eoegyfB7aLsq19CTDvbWhg8iA1SGgy
mzFyLFUwzufCw6ETMBxEp39N8GcAj9af1T
mqexVQbiYjBSqvWAVRGxxdrPoHGe55Fnma


















































